[Config] Loaded from: node.example.json
2026-06-13 02:12:06,116 [Node] INFO: Initializing components...
[Node] Database: data/blockchain.db
[Blockchain] StateEngine: enabled (deterministic state_root)
[Blockchain] BlockValidator: enabled
[Node] Blockchain height: 4190
[Consensus] LMD-GHOST + Slashing + ValidatorRegistry + PBS: enabled
[Consensus] CasperFFG two-step finality: enabled
[Consensus] BeaconChain engine: enabled (parallel fork choice)
✅ Validator registered: 0xcbf6f1029bce4d... stake=1000
✅ Validator registered: 0x911cb7924cd902... stake=1000
[Consensus] Loaded 2 validators from DB
[EventBus] Subscribed: _on_new_block -> block.new
[Node] Founder wallet (D.U.P.): 0xbeb0962327d6f0ad8de263bd883bb184e88744a2
[Node] Operational wallet from WALLET_PRIVATE_KEY: 0x911cb7924cd902fc5dec09be50c2fc8f4f1f9500 (mining + signing)
[Node] Founder in wallet.json is watch-only (tokenomics): 0xbeb0962327d6f0ad8de263bd883bb184e88744a2
[Node] Mining proposer locked to operational wallet: 0x911cb7924cd902fc5dec09be50c2fc8f4f1f9500
[Node] PoolLockManager: ecosystem/treasury/staking locks active
[Node] LightClient: enabled (4191 headers synced)
[Node] EVM: enabled
[EventBus] Subscribed: _on_local_block -> block.new
[EventBus] Subscribed: _on_local_tx -> tx.new
[P2P] SyncEngine: enabled (fast catch-up)
[EventBus] Subscribed: _on_incoming -> bridge.incoming
[Bridge] Initialized in 'simulator' mode. Supported chains: ethereum, bsc, solana, absolute
[Node] NFT Marketplace: 5 genesis tokens loaded
[Node] ZK Proof System: ready
[Node] Sharding: 4 shards active
[Node] Oracles: price feeds active (BTC/ETH/ABS)
[Node] Multisig: enabled
[Node] Smart Accounts: enabled (session keys, social recovery)
[Node] Post-Quantum Crypto: SPHINCS+ enabled
[EventBus] Subscribed: _on_block -> block.new
[EventBus] Subscribed: _on_tx -> tx.new
[EventBus] Subscribed: _on_tx -> tx.applied
[Node] MiniVM ContractManager: ready (deploy/call via /minivm/*)
[Node] RANDAO ValidatorSelection: enabled
[Node] ChainStorage: JSON backup layer ready
[Node] PostQuantumManager: Kyber/Dilithium/Falcon enabled
[Node] TransactionValidator: enabled (nonce/fee/balance checks)
[Node] AIValidatorEngine: enabled (performance-weighted proposer selection)
[Node] ReorgPredictor: enabled (confirmation-depth risk)
[Node] MEVSimulator: enabled (sandwich/arbitrage/frontrun analysis)
[Node] StateEngine: enabled (deterministic state transitions)
[Node] BlockBuilder: enabled (deterministic tx selection)
[Node] ImmutableStateManager: enabled (satoshi-precision balances)
[Node] ValidatorKeys: initialized (0x911cb7924cd902...)
[Lightning] Network initialized for 0x911cb7924cd902...
[Node] Lightning Network: payment channels ready
[CryptoWill] Manager initialized
[Node] CryptoWill: inheritance system ready
[Plasma] Chain 'plasma_abs' initialized
[Node] Plasma Chain: L2 sidechain ready
[WASM VM] Initialized
[Node] WASM VM: WebAssembly-style VM ready
[AIAgentManager] Initialized
[Node] AI Agent Manager: trading agents ready
[Node] Cross-Chain Bridge: ETH/BSC/Solana/ABS ready
[Node] Standalone ConsensusEngine: PoS slots/attestations ready
[Node] SlashingEngine: double-vote detection ready
✅ Validator registered: 0x911cb7924cd902... stake=1000
[Node] ValidatorRegistry: ready
[Node] EpochManager: 32 blocks/epoch
[Node] BeaconFinality: beacon chain finality ready
[Node] LMDTable: LMD-GHOST fork choice ready
[Node] ConsensusEngineCasper: Casper FFG engine ready
[Node] ConsensusEngineBeacon: Beacon consensus ready
[Node] ConsensusEngineSlashing: slashing-aware consensus ready
[Node] CasperFinality: Casper finality engine ready
[Node] BlockValidator: block pre-validation ready
[Node] SPHINCS+: post-quantum hash-based signatures ready
[Node] CanonicalSerializer: deterministic block hashing ready
[Node] Hasher: crypto hashing utility ready
[Node] KeyGenerator: key pair generation ready
[Node] Signer: transaction signing utility ready
[Node] TransactionSigner: advanced TX signing ready
[Node] FinalityEngine: Casper FFG ready
[Node] SyncEngine: fast-sync ready
[Node] All components initialized.
2026-06-13 02:12:06,181 [API] INFO: Rate limiter: memory (120 rpm)
[RPC] JSON-RPC server started on 0.0.0.0:8545
2026-06-13 02:12:06,192 [API] INFO: Rate limiter: memory (120 rpm)
[HTTP] REST API server started on 0.0.0.0:8080

+--------------------------------------------------------------+
|  ABSOLUTE BLOCKCHAIN NODE  v1.2.0-industrial                      |
+--------------------------------------------------------------+
|  Chain      : Absolute Devnet   Chain ID : 77777           |
|  Supply     : max=221,000,000 ABS  founder=D.U.P. 17.4% |
|  Founder    : Uladzimir Dabranski                           |
|  Height     : 4190                                          |
|  Burned     : 0.0000 ABS                                    |
|  Validators : 2                                             |
|  State Root : ce61cd7379d1a053519fbac22ce5175c...           |
+--------------------------------------------------------------+
|  Consensus  : LMD-GHOST=True  PBS=True  Slashing=yes  |
|  Features   : Sharding=4 shards  Oracles=on  PQ=SPHINCS+       |
|  Wallets    : Multisig=on  SmartAccounts=on                  |
|  L2/Bridge  : Lightning=on  Plasma=on  WASM=on  Will=on  |
+--------------------------------------------------------------+
|  JSON-RPC  ->  http://localhost:8545                          |
|  Explorer  ->  http://localhost:8080                          |
|  WebSocket ->  ws://localhost:8766                           |
|  P2P       ->  0.0.0.0:5000                                  |
+--------------------------------------------------------------+

📊 Blockchain Monitor initialized
📊 Monitor started on http://localhost:8092
[Monitor] Health monitor started: http://localhost:8092
[RPC Proxy] CORS proxy started: http://localhost:8082/rpc -> :8545
🤖 ABSOLUTE BLOCKCHAIN TELEGRAM BOT v2.0
🔗 API: http://localhost:8080
✅ Бот запущен и ожидает сообщения...
[Telegram] Bot started (token: 89892192...)
[Mining] Loop started. Block time: 15s
[P2P] Listening on 0.0.0.0:5000
2026-06-13 02:12:06,199 [websockets.server] INFO: server listening on 0.0.0.0:8766
2026-06-13 02:12:06,200 [WebSocket] INFO: [WebSocket] server running on 0.0.0.0:8766

[Node] Shutting down...
[HTTP] Server shutdown initiated
[RPC] Server shutdown initiated
[P2P] Stopped
[Node] Goodbye.
