Traceback (most recent call last):
  File "C:\Users\vovun\Desktop\Absolute_Blockchain_Ultimate\main.py", line 1506, in <module>
    main()
    ~~~~^^
  File "C:\Users\vovun\Desktop\Absolute_Blockchain_Ultimate\main.py", line 1500, in main
    asyncio.run(_run_node(config))
    ~~~~~~~~~~~^^^^^^^^^^^^^^^^^^^
  File "C:\Users\vovun\AppData\Local\Programs\Python\Python313\Lib\asyncio\runners.py", line 195, in run
    return runner.run(main)
           ~~~~~~~~~~^^^^^^
  File "C:\Users\vovun\AppData\Local\Programs\Python\Python313\Lib\asyncio\runners.py", line 118, in run
    return self._loop.run_until_complete(task)
           ~~~~~~~~~~~~~~~~~~~~~~~~~~~~~^^^^^^
  File "C:\Users\vovun\AppData\Local\Programs\Python\Python313\Lib\asyncio\base_events.py", line 725, in run_until_complete
    return future.result()
           ~~~~~~~~~~~~~^^
  File "C:\Users\vovun\Desktop\Absolute_Blockchain_Ultimate\main.py", line 1487, in _run_node
    await node.start()
  File "C:\Users\vovun\Desktop\Absolute_Blockchain_Ultimate\main.py", line 1053, in start
    await asyncio.gather(*tasks)
  File "C:\Users\vovun\Desktop\Absolute_Blockchain_Ultimate\main.py", line 1191, in _mining_loop
    success = self.blockchain.add_block(block)
  File "C:\Users\vovun\Desktop\Absolute_Blockchain_Ultimate\core\blockchain.py", line 378, in add_block
    proposer_check = self._verify_block_proposer(block)
  File "C:\Users\vovun\Desktop\Absolute_Blockchain_Ultimate\core\blockchain.py", line 643, in _verify_block_proposer
    if proposer in slashing.slashed:
                   ^^^^^^^^^^^^^^^^
AttributeError: 'ConsensusEngineSlashing' object has no attribute 'slashed'. Did you mean: 'slashing'?
