2026-06-21 09:02:29,952 [Node] INFO: Initializing components...
2026-06-21 09:02:30,399 [API] INFO: Rate limiter: disabled (rate_limit_rpm=0)
2026-06-21 09:02:30,400 [API] INFO: Rate limiter: disabled (rate_limit_rpm=0)
2026-06-21 09:02:30,409 [websockets.server] INFO: server listening on 0.0.0.0:8766
2026-06-21 09:02:30,409 [WebSocket] INFO: [WebSocket] server running on 0.0.0.0:8766
2026-06-21 09:04:45,490 [asyncio] WARNING: socket.send() raised exception.
2026-06-21 09:04:50,493 [asyncio] WARNING: socket.send() raised exception.
2026-06-21 09:04:55,496 [asyncio] WARNING: socket.send() raised exception.
2026-06-21 09:05:00,414 [asyncio] WARNING: socket.send() raised exception.
2026-06-21 09:05:00,509 [asyncio] WARNING: socket.send() raised exception.
2026-06-21 09:05:05,515 [asyncio] WARNING: socket.send() raised exception.
2026-06-21 09:05:10,518 [asyncio] WARNING: socket.send() raised exception.
2026-06-21 09:05:15,486 [asyncio] WARNING: socket.send() raised exception.
2026-06-21 09:05:15,521 [asyncio] WARNING: socket.send() raised exception.
2026-06-21 09:05:20,524 [asyncio] WARNING: socket.send() raised exception.
2026-06-21 09:05:25,527 [asyncio] WARNING: socket.send() raised exception.
2026-06-21 09:05:27,490 [asyncio] WARNING: socket.send() raised exception.
2026-06-21 09:05:30,408 [asyncio] WARNING: socket.send() raised exception.
2026-06-21 09:06:45,568 [asyncio] WARNING: socket.send() raised exception.
2026-06-21 09:06:50,572 [asyncio] WARNING: socket.send() raised exception.
2026-06-21 09:06:55,581 [asyncio] WARNING: socket.send() raised exception.
2026-06-21 09:07:00,419 [asyncio] WARNING: socket.send() raised exception.
2026-06-21 09:07:00,586 [asyncio] WARNING: socket.send() raised exception.
2026-06-21 09:07:05,589 [asyncio] WARNING: socket.send() raised exception.
2026-06-21 09:07:10,595 [asyncio] WARNING: socket.send() raised exception.
2026-06-21 09:07:15,568 [asyncio] WARNING: socket.send() raised exception.
2026-06-21 09:07:15,599 [asyncio] WARNING: socket.send() raised exception.
2026-06-21 09:07:20,605 [asyncio] WARNING: socket.send() raised exception.
2026-06-21 09:07:25,608 [asyncio] WARNING: socket.send() raised exception.
2026-06-21 09:07:27,572 [asyncio] WARNING: socket.send() raised exception.
2026-06-21 09:07:30,413 [asyncio] WARNING: socket.send() raised exception.
2026-06-21 09:10:20,697 [asyncio] WARNING: socket.send() raised exception.
2026-06-21 09:10:25,700 [asyncio] WARNING: socket.send() raised exception.
2026-06-21 09:10:30,404 [asyncio] WARNING: socket.send() raised exception.
2026-06-21 09:10:30,416 [asyncio] WARNING: socket.send() raised exception.
2026-06-21 09:10:30,703 [asyncio] WARNING: socket.send() raised exception.
2026-06-21 09:10:35,706 [asyncio] WARNING: socket.send() raised exception.
2026-06-21 09:10:40,709 [asyncio] WARNING: socket.send() raised exception.
2026-06-21 09:10:45,687 [asyncio] WARNING: socket.send() raised exception.
2026-06-21 09:10:45,711 [asyncio] WARNING: socket.send() raised exception.
2026-06-21 09:10:50,714 [asyncio] WARNING: socket.send() raised exception.
2026-06-21 09:10:55,721 [asyncio] WARNING: socket.send() raised exception.
2026-06-21 09:10:57,691 [asyncio] WARNING: socket.send() raised exception.
2026-06-21 09:13:21,198 [asyncio] WARNING: socket.send() raised exception.
2026-06-21 09:13:26,201 [asyncio] WARNING: socket.send() raised exception.
2026-06-21 09:13:30,407 [asyncio] WARNING: socket.send() raised exception.
2026-06-21 09:13:30,423 [asyncio] WARNING: socket.send() raised exception.
2026-06-21 09:13:31,204 [asyncio] WARNING: socket.send() raised exception.
2026-06-21 09:13:36,208 [asyncio] WARNING: socket.send() raised exception.
2026-06-21 09:13:41,157 [asyncio] WARNING: socket.send() raised exception.
2026-06-21 09:13:46,134 [asyncio] WARNING: socket.send() raised exception.
2026-06-21 09:13:46,160 [asyncio] WARNING: socket.send() raised exception.
2026-06-21 09:13:51,163 [asyncio] WARNING: socket.send() raised exception.
2026-06-21 09:13:56,167 [asyncio] WARNING: socket.send() raised exception.
2026-06-21 09:13:58,138 [asyncio] WARNING: socket.send() raised exception.
2026-06-21 09:15:46,245 [asyncio] WARNING: socket.send() raised exception.
2026-06-21 09:15:51,249 [asyncio] WARNING: socket.send() raised exception.
2026-06-21 09:15:56,252 [asyncio] WARNING: socket.send() raised exception.
2026-06-21 09:16:00,382 [asyncio] WARNING: socket.send() raised exception.
2026-06-21 09:16:01,257 [asyncio] WARNING: socket.send() raised exception.
2026-06-21 09:16:04,016 [websockets.server] INFO: server closing
2026-06-21 09:16:04,016 [websockets.server] INFO: server closed
